2026-07-12T18:55:57.695Z Opened حجوزات التنظيف: https://alnadha.net/admin/cleaning-bookings
2026-07-12T18:55:59.156Z Opened العاملون: https://alnadha.net/admin/cleaning-workers
2026-07-12T18:56:00.081Z Opened النزاعات والشكاوى: https://alnadha.net/admin/disputes
2026-07-12T18:56:00.865Z Opened SOS Alerts: https://alnadha.net/admin/sos-alerts
2026-07-12T18:56:01.577Z Opened الإعدادات المالية: https://alnadha.net/admin/financial-settings
2026-07-12T18:56:02.422Z Opened إضافات الخدمة: https://alnadha.net/admin/service-addons
2026-07-12T18:56:03.226Z Opened بنرات التنظيف: https://alnadha.net/admin/cleaning-banners
2026-07-12T18:56:04.181Z Opened التغطية الجغرافية: https://alnadha.net/admin/geographic-coverage
2026-07-12T18:56:05.165Z Opened الأحياء: https://alnadha.net/admin/cleaning-neighborhoods
2026-07-12T18:56:06.348Z Opened المعاملات المالية: https://alnadha.net/admin/cleaning-worker-deposits
2026-07-12T18:56:09.266Z Opened التقرير المالي: https://alnadha.net/admin/cleaning-financial-report
2026-07-12T18:56:10.916Z Opened تنبيهات النظام: https://alnadha.net/admin/system-alerts
2026-07-12T18:56:12.126Z Opened الأدوار والصلاحيات: https://alnadha.net/admin/roles
2026-07-12T18:56:12.894Z Opened مدراء النظام: https://alnadha.net/admin/users
2026-07-12T18:58:03.824Z Opened حجوزات التنظيف: https://alnadha.net/admin/cleaning-bookings
2026-07-12T18:58:05.131Z Opened العاملون: https://alnadha.net/admin/cleaning-workers
2026-07-12T18:58:06.224Z Opened النزاعات والشكاوى: https://alnadha.net/admin/disputes
2026-07-12T18:58:07.087Z Opened SOS Alerts: https://alnadha.net/admin/sos-alerts
2026-07-12T18:58:08.289Z Opened الإعدادات المالية: https://alnadha.net/admin/financial-settings
2026-07-12T18:58:09.103Z Opened إضافات الخدمة: https://alnadha.net/admin/service-addons
2026-07-12T18:58:10.661Z Opened بنرات التنظيف: https://alnadha.net/admin/cleaning-banners
2026-07-12T18:58:11.476Z Opened التغطية الجغرافية: https://alnadha.net/admin/geographic-coverage
2026-07-12T18:58:12.302Z Opened الأحياء: https://alnadha.net/admin/cleaning-neighborhoods
2026-07-12T18:58:13.332Z Opened المعاملات المالية: https://alnadha.net/admin/cleaning-worker-deposits
2026-07-12T18:58:14.001Z Opened التقرير المالي: https://alnadha.net/admin/cleaning-financial-report
2026-07-12T18:58:15.159Z Opened تنبيهات النظام: https://alnadha.net/admin/system-alerts
2026-07-12T18:58:15.905Z Opened الأدوار والصلاحيات: https://alnadha.net/admin/roles
2026-07-12T18:58:16.538Z Opened مدراء النظام: https://alnadha.net/admin/users
2026-07-12T19:00:13.847Z Opened حجوزات التنظيف: https://alnadha.net/admin/cleaning-bookings
2026-07-12T19:00:15.101Z Opened العاملون: https://alnadha.net/admin/cleaning-workers
2026-07-12T19:00:15.853Z Opened النزاعات والشكاوى: https://alnadha.net/admin/disputes
2026-07-12T19:00:16.516Z Opened SOS Alerts: https://alnadha.net/admin/sos-alerts
2026-07-12T19:00:17.117Z Opened الإعدادات المالية: https://alnadha.net/admin/financial-settings
2026-07-12T19:00:17.891Z Opened إضافات الخدمة: https://alnadha.net/admin/service-addons
2026-07-12T19:00:18.641Z Opened بنرات التنظيف: https://alnadha.net/admin/cleaning-banners
2026-07-12T19:00:19.530Z Opened التغطية الجغرافية: https://alnadha.net/admin/geographic-coverage
2026-07-12T19:00:20.381Z Opened الأحياء: https://alnadha.net/admin/cleaning-neighborhoods
2026-07-12T19:00:21.465Z Opened المعاملات المالية: https://alnadha.net/admin/cleaning-worker-deposits
2026-07-12T19:00:22.268Z Opened التقرير المالي: https://alnadha.net/admin/cleaning-financial-report
2026-07-12T19:00:24.757Z Opened تنبيهات النظام: https://alnadha.net/admin/system-alerts
2026-07-12T19:00:25.528Z Opened الأدوار والصلاحيات: https://alnadha.net/admin/roles
2026-07-12T19:00:26.284Z Opened مدراء النظام: https://alnadha.net/admin/users
2026-07-12T19:00:27.886Z Created Service Add-on QA-VIDEO-20260712190001 Add-on (8).
2026-07-12T19:00:29.300Z Updated Service Add-on QA-VIDEO-20260712190001 Add-on price to 12.
2026-07-12T19:00:33.123Z Keyboard accessibility smoke check focused A.
